#! /c/Source/iverilog-install/bin/vvp
:ivl_version "12.0 (devel)" "(s20150603-1539-g2693dd32b)";
:ivl_delay_selection "TYPICAL";
:vpi_time_precision + 0;
:vpi_module "C:\iverilog\lib\ivl\system.vpi";
:vpi_module "C:\iverilog\lib\ivl\vhdl_sys.vpi";
:vpi_module "C:\iverilog\lib\ivl\vhdl_textio.vpi";
:vpi_module "C:\iverilog\lib\ivl\v2005_math.vpi";
:vpi_module "C:\iverilog\lib\ivl\va_math.vpi";
S_00000203ab609fa0 .scope module, "gatesTestBench" "gatesTestBench" 2 3;
 .timescale 0 0;
v00000203ab603b40_0 .var "A", 0 0;
v00000203ab603c80_0 .var "B", 0 0;
v00000203ab603d20_0 .net "andGate", 0 0, L_00000203ab57e570;  1 drivers
v00000203ab603320_0 .net "nandGate", 0 0, L_00000203ab659ab0;  1 drivers
v00000203ab603e60_0 .net "norGate", 0 0, L_00000203ab5d3430;  1 drivers
v00000203ab603fa0_0 .net "notGate", 0 0, L_00000203ab659f80;  1 drivers
v00000203ab603f00_0 .net "orGate", 0 0, L_00000203ab57dd90;  1 drivers
v00000203ab604180_0 .net "xnorGate", 0 0, L_00000203ab659ea0;  1 drivers
v00000203ab6033c0_0 .net "xorGate", 0 0, L_00000203ab659e30;  1 drivers
S_00000203ab60a130 .scope module, "g1" "And" 2 9, 3 1 0, S_00000203ab609fa0;
 .timescale 0 0;
    .port_info 0 /INPUT 1 "a";
    .port_info 1 /INPUT 1 "b";
    .port_info 2 /OUTPUT 1 "y";
L_00000203ab57e570 .functor AND 1, v00000203ab603b40_0, v00000203ab603c80_0, C4<1>, C4<1>;
v00000203ab60a2c0_0 .net "a", 0 0, v00000203ab603b40_0;  1 drivers
v00000203ab60a360_0 .net "b", 0 0, v00000203ab603c80_0;  1 drivers
v00000203ab57e160_0 .net "y", 0 0, L_00000203ab57e570;  alias, 1 drivers
S_00000203ab57e200 .scope module, "g2" "Or" 2 10, 3 6 0, S_00000203ab609fa0;
 .timescale 0 0;
    .port_info 0 /INPUT 1 "a";
    .port_info 1 /INPUT 1 "b";
    .port_info 2 /OUTPUT 1 "y";
L_00000203ab57dd90 .functor OR 1, v00000203ab603b40_0, v00000203ab603c80_0, C4<0>, C4<0>;
v00000203ab57e390_0 .net "a", 0 0, v00000203ab603b40_0;  alias, 1 drivers
v00000203ab57e430_0 .net "b", 0 0, v00000203ab603c80_0;  alias, 1 drivers
v00000203ab57e4d0_0 .net "y", 0 0, L_00000203ab57dd90;  alias, 1 drivers
S_00000203ab605160 .scope module, "g3" "Nor" 2 11, 3 11 0, S_00000203ab609fa0;
 .timescale 0 0;
    .port_info 0 /INPUT 1 "a";
    .port_info 1 /INPUT 1 "b";
    .port_info 2 /OUTPUT 1 "y";
L_00000203ab5d31f0 .functor OR 1, v00000203ab603b40_0, v00000203ab603c80_0, C4<0>, C4<0>;
L_00000203ab5d3430 .functor NOT 1, L_00000203ab5d31f0, C4<0>, C4<0>, C4<0>;
v00000203ab6052f0_0 .net *"_ivl_0", 0 0, L_00000203ab5d31f0;  1 drivers
v00000203ab603780_0 .net "a", 0 0, v00000203ab603b40_0;  alias, 1 drivers
v00000203ab603280_0 .net "b", 0 0, v00000203ab603c80_0;  alias, 1 drivers
v00000203ab603460_0 .net "y", 0 0, L_00000203ab5d3430;  alias, 1 drivers
S_00000203ab605390 .scope module, "g4" "Nand" 2 12, 3 16 0, S_00000203ab609fa0;
 .timescale 0 0;
    .port_info 0 /INPUT 1 "a";
    .port_info 1 /INPUT 1 "b";
    .port_info 2 /OUTPUT 1 "y";
L_00000203ab5d3630 .functor AND 1, v00000203ab603b40_0, v00000203ab603c80_0, C4<1>, C4<1>;
L_00000203ab659ab0 .functor NOT 1, L_00000203ab5d3630, C4<0>, C4<0>, C4<0>;
v00000203ab603820_0 .net *"_ivl_0", 0 0, L_00000203ab5d3630;  1 drivers
v00000203ab603500_0 .net "a", 0 0, v00000203ab603b40_0;  alias, 1 drivers
v00000203ab6038c0_0 .net "b", 0 0, v00000203ab603c80_0;  alias, 1 drivers
v00000203ab603be0_0 .net "y", 0 0, L_00000203ab659ab0;  alias, 1 drivers
S_00000203ab57e850 .scope module, "g5" "Xor" 2 13, 3 21 0, S_00000203ab609fa0;
 .timescale 0 0;
    .port_info 0 /INPUT 1 "a";
    .port_info 1 /INPUT 1 "b";
    .port_info 2 /OUTPUT 1 "y";
L_00000203ab659e30 .functor XOR 1, v00000203ab603b40_0, v00000203ab603c80_0, C4<0>, C4<0>;
v00000203ab6035a0_0 .net "a", 0 0, v00000203ab603b40_0;  alias, 1 drivers
v00000203ab603960_0 .net "b", 0 0, v00000203ab603c80_0;  alias, 1 drivers
v00000203ab603640_0 .net "y", 0 0, L_00000203ab659e30;  alias, 1 drivers
S_00000203ab57e9e0 .scope module, "g6" "Xnor" 2 14, 3 26 0, S_00000203ab609fa0;
 .timescale 0 0;
    .port_info 0 /INPUT 1 "a";
    .port_info 1 /INPUT 1 "b";
    .port_info 2 /OUTPUT 1 "y";
L_00000203ab659b20 .functor XOR 1, v00000203ab603b40_0, v00000203ab603c80_0, C4<0>, C4<0>;
L_00000203ab659ea0 .functor NOT 1, L_00000203ab659b20, C4<0>, C4<0>, C4<0>;
v00000203ab603dc0_0 .net *"_ivl_0", 0 0, L_00000203ab659b20;  1 drivers
v00000203ab603a00_0 .net "a", 0 0, v00000203ab603b40_0;  alias, 1 drivers
v00000203ab604040_0 .net "b", 0 0, v00000203ab603c80_0;  alias, 1 drivers
v00000203ab6036e0_0 .net "y", 0 0, L_00000203ab659ea0;  alias, 1 drivers
S_00000203ab605f80 .scope module, "g7" "Not" 2 15, 3 31 0, S_00000203ab609fa0;
 .timescale 0 0;
    .port_info 0 /INPUT 1 "a";
    .port_info 1 /OUTPUT 1 "y";
L_00000203ab659f80 .functor NOT 1, v00000203ab603b40_0, C4<0>, C4<0>, C4<0>;
v00000203ab603aa0_0 .net "a", 0 0, v00000203ab603b40_0;  alias, 1 drivers
v00000203ab6040e0_0 .net "y", 0 0, L_00000203ab659f80;  alias, 1 drivers
    .scope S_00000203ab609fa0;
T_0 ;
    %vpi_call 2 18 "$dumpfile", "dump.vcd" {0 0 0};
    %vpi_call 2 19 "$dumpvars", 32'sb00000000000000000000000000000000, S_00000203ab609fa0 {0 0 0};
    %end;
    .thread T_0;
    .scope S_00000203ab609fa0;
T_1 ;
    %vpi_call 2 23 "$monitor", v00000203ab603b40_0, v00000203ab603c80_0, " ", v00000203ab603fa0_0, " ", v00000203ab603d20_0, " ", v00000203ab603f00_0, " ", v00000203ab603e60_0, " ", v00000203ab603320_0, " ", v00000203ab6033c0_0, " ", v00000203ab604180_0 {0 0 0};
    %pushi/vec4 0, 0, 1;
    %store/vec4 v00000203ab603b40_0, 0, 1;
    %pushi/vec4 0, 0, 1;
    %store/vec4 v00000203ab603c80_0, 0, 1;
    %delay 10, 0;
    %pushi/vec4 0, 0, 1;
    %store/vec4 v00000203ab603b40_0, 0, 1;
    %pushi/vec4 1, 0, 1;
    %store/vec4 v00000203ab603c80_0, 0, 1;
    %delay 10, 0;
    %pushi/vec4 1, 0, 1;
    %store/vec4 v00000203ab603b40_0, 0, 1;
    %pushi/vec4 0, 0, 1;
    %store/vec4 v00000203ab603c80_0, 0, 1;
    %delay 10, 0;
    %pushi/vec4 1, 0, 1;
    %store/vec4 v00000203ab603b40_0, 0, 1;
    %pushi/vec4 1, 0, 1;
    %store/vec4 v00000203ab603c80_0, 0, 1;
    %delay 10, 0;
    %end;
    .thread T_1;
# The file index is used to find the file name in the following table.
:file_names 4;
    "N/A";
    "<interactive>";
    "gates_TB.v";
    "./gates.v";
