#! /c/Source/iverilog-install/bin/vvp
:ivl_version "12.0 (devel)" "(s20150603-1539-g2693dd32b)";
:ivl_delay_selection "TYPICAL";
:vpi_time_precision + 0;
:vpi_module "C:\iverilog\lib\ivl\system.vpi";
:vpi_module "C:\iverilog\lib\ivl\vhdl_sys.vpi";
:vpi_module "C:\iverilog\lib\ivl\vhdl_textio.vpi";
:vpi_module "C:\iverilog\lib\ivl\v2005_math.vpi";
:vpi_module "C:\iverilog\lib\ivl\va_math.vpi";
S_0000022df3dfdbf0 .scope module, "mux8" "mux8" 2 16;
 .timescale 0 0;
    .port_info 0 /INPUT 8 "i";
    .port_info 1 /INPUT 3 "s";
    .port_info 2 /OUTPUT 1 "out";
o0000022df3cef408 .functor BUFZ 8, C4<zzzzzzzz>; HiZ drive
v0000022df3d47950_0 .net "i", 7 0, o0000022df3cef408;  0 drivers
v0000022df3d47bd0_0 .net "muxOut", 1 0, L_0000022df3d4c1f0;  1 drivers
v0000022df3d47db0_0 .net "out", 0 0, L_0000022df3d49490;  1 drivers
o0000022df3cef438 .functor BUFZ 3, C4<zzz>; HiZ drive
v0000022df3d46e10_0 .net "s", 2 0, o0000022df3cef438;  0 drivers
L_0000022df3d47090 .part o0000022df3cef408, 0, 4;
L_0000022df3d478b0 .part o0000022df3cef438, 0, 2;
L_0000022df3d4c5b0 .part o0000022df3cef408, 4, 4;
L_0000022df3d4b250 .part o0000022df3cef438, 0, 2;
L_0000022df3d4c1f0 .concat8 [ 1 1 0 0], L_0000022df3d49b90, L_0000022df3d48ee0;
L_0000022df3d4b930 .part o0000022df3cef438, 2, 1;
S_0000022df3dfdd80 .scope module, "m1" "mux4" 2 19, 2 8 0, S_0000022df3dfdbf0;
 .timescale 0 0;
    .port_info 0 /INPUT 4 "i";
    .port_info 1 /INPUT 2 "s";
    .port_info 2 /OUTPUT 1 "out";
v0000022df3ce9c40_0 .net "i", 3 0, L_0000022df3d47090;  1 drivers
v0000022df3ceaa00_0 .net "muxOut", 1 0, L_0000022df3d476d0;  1 drivers
v0000022df3ce9e20_0 .net "out", 0 0, L_0000022df3d49b90;  1 drivers
v0000022df3ceadc0_0 .net "s", 1 0, L_0000022df3d478b0;  1 drivers
L_0000022df3d47c70 .part L_0000022df3d47090, 0, 2;
L_0000022df3d47630 .part L_0000022df3d478b0, 0, 1;
L_0000022df3d48490 .part L_0000022df3d47090, 2, 2;
L_0000022df3d46ff0 .part L_0000022df3d478b0, 0, 1;
L_0000022df3d476d0 .concat8 [ 1 1 0 0], L_0000022df3d49180, L_0000022df3d49420;
L_0000022df3d485d0 .part L_0000022df3d478b0, 1, 1;
S_0000022df3ce5610 .scope module, "m1" "mux2" 2 10, 2 3 0, S_0000022df3dfdd80;
 .timescale 0 0;
    .port_info 0 /INPUT 2 "a";
    .port_info 1 /INPUT 1 "sel";
    .port_info 2 /OUTPUT 1 "out";
L_0000022df3ce1030 .functor NOT 1, L_0000022df3d47630, C4<0>, C4<0>, C4<0>;
L_0000022df3ce12d0 .functor AND 1, L_0000022df3ce1030, L_0000022df3d47450, C4<1>, C4<1>;
L_0000022df3ce0c40 .functor AND 1, L_0000022df3d47630, L_0000022df3d46eb0, C4<1>, C4<1>;
L_0000022df3d49180 .functor OR 1, L_0000022df3ce12d0, L_0000022df3ce0c40, C4<0>, C4<0>;
v0000022df3ce9240_0 .net *"_ivl_0", 0 0, L_0000022df3ce1030;  1 drivers
v0000022df3cea780_0 .net *"_ivl_3", 0 0, L_0000022df3d47450;  1 drivers
v0000022df3cea280_0 .net *"_ivl_4", 0 0, L_0000022df3ce12d0;  1 drivers
v0000022df3cea500_0 .net *"_ivl_7", 0 0, L_0000022df3d46eb0;  1 drivers
v0000022df3cea460_0 .net *"_ivl_8", 0 0, L_0000022df3ce0c40;  1 drivers
v0000022df3cea5a0_0 .net "a", 1 0, L_0000022df3d47c70;  1 drivers
v0000022df3cea640_0 .net "out", 0 0, L_0000022df3d49180;  1 drivers
v0000022df3cea6e0_0 .net "sel", 0 0, L_0000022df3d47630;  1 drivers
L_0000022df3d47450 .part L_0000022df3d47c70, 0, 1;
L_0000022df3d46eb0 .part L_0000022df3d47c70, 1, 1;
S_0000022df3ce57a0 .scope module, "m2" "mux2" 2 11, 2 3 0, S_0000022df3dfdd80;
 .timescale 0 0;
    .port_info 0 /INPUT 2 "a";
    .port_info 1 /INPUT 1 "sel";
    .port_info 2 /OUTPUT 1 "out";
L_0000022df3d48f50 .functor NOT 1, L_0000022df3d46ff0, C4<0>, C4<0>, C4<0>;
L_0000022df3d49260 .functor AND 1, L_0000022df3d48f50, L_0000022df3d46f50, C4<1>, C4<1>;
L_0000022df3d491f0 .functor AND 1, L_0000022df3d46ff0, L_0000022df3d47f90, C4<1>, C4<1>;
L_0000022df3d49420 .functor OR 1, L_0000022df3d49260, L_0000022df3d491f0, C4<0>, C4<0>;
v0000022df3ceac80_0 .net *"_ivl_0", 0 0, L_0000022df3d48f50;  1 drivers
v0000022df3ceaaa0_0 .net *"_ivl_3", 0 0, L_0000022df3d46f50;  1 drivers
v0000022df3cea0a0_0 .net *"_ivl_4", 0 0, L_0000022df3d49260;  1 drivers
v0000022df3ce9920_0 .net *"_ivl_7", 0 0, L_0000022df3d47f90;  1 drivers
v0000022df3ceab40_0 .net *"_ivl_8", 0 0, L_0000022df3d491f0;  1 drivers
v0000022df3ce99c0_0 .net "a", 1 0, L_0000022df3d48490;  1 drivers
v0000022df3ce9d80_0 .net "out", 0 0, L_0000022df3d49420;  1 drivers
v0000022df3ce9ec0_0 .net "sel", 0 0, L_0000022df3d46ff0;  1 drivers
L_0000022df3d46f50 .part L_0000022df3d48490, 0, 1;
L_0000022df3d47f90 .part L_0000022df3d48490, 1, 1;
S_0000022df3d3e4a0 .scope module, "m3" "mux2" 2 13, 2 3 0, S_0000022df3dfdd80;
 .timescale 0 0;
    .port_info 0 /INPUT 2 "a";
    .port_info 1 /INPUT 1 "sel";
    .port_info 2 /OUTPUT 1 "out";
L_0000022df3d49810 .functor NOT 1, L_0000022df3d485d0, C4<0>, C4<0>, C4<0>;
L_0000022df3d49c70 .functor AND 1, L_0000022df3d49810, L_0000022df3d474f0, C4<1>, C4<1>;
L_0000022df3d49b20 .functor AND 1, L_0000022df3d485d0, L_0000022df3d48530, C4<1>, C4<1>;
L_0000022df3d49b90 .functor OR 1, L_0000022df3d49c70, L_0000022df3d49b20, C4<0>, C4<0>;
v0000022df3cea820_0 .net *"_ivl_0", 0 0, L_0000022df3d49810;  1 drivers
v0000022df3ce9060_0 .net *"_ivl_3", 0 0, L_0000022df3d474f0;  1 drivers
v0000022df3ceabe0_0 .net *"_ivl_4", 0 0, L_0000022df3d49c70;  1 drivers
v0000022df3cea960_0 .net *"_ivl_7", 0 0, L_0000022df3d48530;  1 drivers
v0000022df3ce9ba0_0 .net *"_ivl_8", 0 0, L_0000022df3d49b20;  1 drivers
v0000022df3ce91a0_0 .net "a", 1 0, L_0000022df3d476d0;  alias, 1 drivers
v0000022df3ce9100_0 .net "out", 0 0, L_0000022df3d49b90;  alias, 1 drivers
v0000022df3ce9ce0_0 .net "sel", 0 0, L_0000022df3d485d0;  1 drivers
L_0000022df3d474f0 .part L_0000022df3d476d0, 0, 1;
L_0000022df3d48530 .part L_0000022df3d476d0, 1, 1;
S_0000022df3d46640 .scope module, "m2" "mux4" 2 20, 2 8 0, S_0000022df3dfdbf0;
 .timescale 0 0;
    .port_info 0 /INPUT 4 "i";
    .port_info 1 /INPUT 2 "s";
    .port_info 2 /OUTPUT 1 "out";
v0000022df3d46d70_0 .net "i", 3 0, L_0000022df3d4c5b0;  1 drivers
v0000022df3d48350_0 .net "muxOut", 1 0, L_0000022df3d4cb50;  1 drivers
v0000022df3d47ef0_0 .net "out", 0 0, L_0000022df3d48ee0;  1 drivers
v0000022df3d48210_0 .net "s", 1 0, L_0000022df3d4b250;  1 drivers
L_0000022df3d4b4d0 .part L_0000022df3d4c5b0, 0, 2;
L_0000022df3d4c150 .part L_0000022df3d4b250, 0, 1;
L_0000022df3d4c330 .part L_0000022df3d4c5b0, 2, 2;
L_0000022df3d4ba70 .part L_0000022df3d4b250, 0, 1;
L_0000022df3d4cb50 .concat8 [ 1 1 0 0], L_0000022df3d493b0, L_0000022df3d49500;
L_0000022df3d4c3d0 .part L_0000022df3d4b250, 1, 1;
S_0000022df3d467d0 .scope module, "m1" "mux2" 2 10, 2 3 0, S_0000022df3d46640;
 .timescale 0 0;
    .port_info 0 /INPUT 2 "a";
    .port_info 1 /INPUT 1 "sel";
    .port_info 2 /OUTPUT 1 "out";
L_0000022df3d49730 .functor NOT 1, L_0000022df3d4c150, C4<0>, C4<0>, C4<0>;
L_0000022df3d492d0 .functor AND 1, L_0000022df3d49730, L_0000022df3d479f0, C4<1>, C4<1>;
L_0000022df3d49340 .functor AND 1, L_0000022df3d4c150, L_0000022df3d47a90, C4<1>, C4<1>;
L_0000022df3d493b0 .functor OR 1, L_0000022df3d492d0, L_0000022df3d49340, C4<0>, C4<0>;
v0000022df3ceae60_0 .net *"_ivl_0", 0 0, L_0000022df3d49730;  1 drivers
v0000022df3ce92e0_0 .net *"_ivl_3", 0 0, L_0000022df3d479f0;  1 drivers
v0000022df3ce9380_0 .net *"_ivl_4", 0 0, L_0000022df3d492d0;  1 drivers
v0000022df3ce9f60_0 .net *"_ivl_7", 0 0, L_0000022df3d47a90;  1 drivers
v0000022df3cdc7d0_0 .net *"_ivl_8", 0 0, L_0000022df3d49340;  1 drivers
v0000022df3cdbe70_0 .net "a", 1 0, L_0000022df3d4b4d0;  1 drivers
v0000022df3d469b0_0 .net "out", 0 0, L_0000022df3d493b0;  1 drivers
v0000022df3d471d0_0 .net "sel", 0 0, L_0000022df3d4c150;  1 drivers
L_0000022df3d479f0 .part L_0000022df3d4b4d0, 0, 1;
L_0000022df3d47a90 .part L_0000022df3d4b4d0, 1, 1;
S_0000022df3d48970 .scope module, "m2" "mux2" 2 11, 2 3 0, S_0000022df3d46640;
 .timescale 0 0;
    .port_info 0 /INPUT 2 "a";
    .port_info 1 /INPUT 1 "sel";
    .port_info 2 /OUTPUT 1 "out";
L_0000022df3d49c00 .functor NOT 1, L_0000022df3d4ba70, C4<0>, C4<0>, C4<0>;
L_0000022df3d495e0 .functor AND 1, L_0000022df3d49c00, L_0000022df3d4c470, C4<1>, C4<1>;
L_0000022df3d49110 .functor AND 1, L_0000022df3d4ba70, L_0000022df3d4af30, C4<1>, C4<1>;
L_0000022df3d49500 .functor OR 1, L_0000022df3d495e0, L_0000022df3d49110, C4<0>, C4<0>;
v0000022df3d48710_0 .net *"_ivl_0", 0 0, L_0000022df3d49c00;  1 drivers
v0000022df3d47270_0 .net *"_ivl_3", 0 0, L_0000022df3d4c470;  1 drivers
v0000022df3d46a50_0 .net *"_ivl_4", 0 0, L_0000022df3d495e0;  1 drivers
v0000022df3d483f0_0 .net *"_ivl_7", 0 0, L_0000022df3d4af30;  1 drivers
v0000022df3d480d0_0 .net *"_ivl_8", 0 0, L_0000022df3d49110;  1 drivers
v0000022df3d47e50_0 .net "a", 1 0, L_0000022df3d4c330;  1 drivers
v0000022df3d47d10_0 .net "out", 0 0, L_0000022df3d49500;  1 drivers
v0000022df3d48670_0 .net "sel", 0 0, L_0000022df3d4ba70;  1 drivers
L_0000022df3d4c470 .part L_0000022df3d4c330, 0, 1;
L_0000022df3d4af30 .part L_0000022df3d4c330, 1, 1;
S_0000022df3d48b00 .scope module, "m3" "mux2" 2 13, 2 3 0, S_0000022df3d46640;
 .timescale 0 0;
    .port_info 0 /INPUT 2 "a";
    .port_info 1 /INPUT 1 "sel";
    .port_info 2 /OUTPUT 1 "out";
L_0000022df3d49d50 .functor NOT 1, L_0000022df3d4c3d0, C4<0>, C4<0>, C4<0>;
L_0000022df3d48fc0 .functor AND 1, L_0000022df3d49d50, L_0000022df3d4ae90, C4<1>, C4<1>;
L_0000022df3d49a40 .functor AND 1, L_0000022df3d4c3d0, L_0000022df3d4b430, C4<1>, C4<1>;
L_0000022df3d48ee0 .functor OR 1, L_0000022df3d48fc0, L_0000022df3d49a40, C4<0>, C4<0>;
v0000022df3d48030_0 .net *"_ivl_0", 0 0, L_0000022df3d49d50;  1 drivers
v0000022df3d48850_0 .net *"_ivl_3", 0 0, L_0000022df3d4ae90;  1 drivers
v0000022df3d46af0_0 .net *"_ivl_4", 0 0, L_0000022df3d48fc0;  1 drivers
v0000022df3d47b30_0 .net *"_ivl_7", 0 0, L_0000022df3d4b430;  1 drivers
v0000022df3d47810_0 .net *"_ivl_8", 0 0, L_0000022df3d49a40;  1 drivers
v0000022df3d48170_0 .net "a", 1 0, L_0000022df3d4cb50;  alias, 1 drivers
v0000022df3d487b0_0 .net "out", 0 0, L_0000022df3d48ee0;  alias, 1 drivers
v0000022df3d46b90_0 .net "sel", 0 0, L_0000022df3d4c3d0;  1 drivers
L_0000022df3d4ae90 .part L_0000022df3d4cb50, 0, 1;
L_0000022df3d4b430 .part L_0000022df3d4cb50, 1, 1;
S_0000022df3d48c90 .scope module, "m3" "mux2" 2 22, 2 3 0, S_0000022df3dfdbf0;
 .timescale 0 0;
    .port_info 0 /INPUT 2 "a";
    .port_info 1 /INPUT 1 "sel";
    .port_info 2 /OUTPUT 1 "out";
L_0000022df3d49030 .functor NOT 1, L_0000022df3d4b930, C4<0>, C4<0>, C4<0>;
L_0000022df3d498f0 .functor AND 1, L_0000022df3d49030, L_0000022df3d4c290, C4<1>, C4<1>;
L_0000022df3d496c0 .functor AND 1, L_0000022df3d4b930, L_0000022df3d4b750, C4<1>, C4<1>;
L_0000022df3d49490 .functor OR 1, L_0000022df3d498f0, L_0000022df3d496c0, C4<0>, C4<0>;
v0000022df3d482b0_0 .net *"_ivl_0", 0 0, L_0000022df3d49030;  1 drivers
v0000022df3d473b0_0 .net *"_ivl_3", 0 0, L_0000022df3d4c290;  1 drivers
v0000022df3d47590_0 .net *"_ivl_4", 0 0, L_0000022df3d498f0;  1 drivers
v0000022df3d46c30_0 .net *"_ivl_7", 0 0, L_0000022df3d4b750;  1 drivers
v0000022df3d47130_0 .net *"_ivl_8", 0 0, L_0000022df3d496c0;  1 drivers
v0000022df3d46cd0_0 .net "a", 1 0, L_0000022df3d4c1f0;  alias, 1 drivers
v0000022df3d47770_0 .net "out", 0 0, L_0000022df3d49490;  alias, 1 drivers
v0000022df3d47310_0 .net "sel", 0 0, L_0000022df3d4b930;  1 drivers
L_0000022df3d4c290 .part L_0000022df3d4c1f0, 0, 1;
L_0000022df3d4b750 .part L_0000022df3d4c1f0, 1, 1;
# The file index is used to find the file name in the following table.
:file_names 3;
    "N/A";
    "<interactive>";
    "mux.v";
