#! /c/Source/iverilog-install/bin/vvp
:ivl_version "12.0 (devel)" "(s20150603-1539-g2693dd32b)";
:ivl_delay_selection "TYPICAL";
:vpi_time_precision + 0;
:vpi_module "C:\iverilog\lib\ivl\system.vpi";
:vpi_module "C:\iverilog\lib\ivl\vhdl_sys.vpi";
:vpi_module "C:\iverilog\lib\ivl\vhdl_textio.vpi";
:vpi_module "C:\iverilog\lib\ivl\v2005_math.vpi";
:vpi_module "C:\iverilog\lib\ivl\va_math.vpi";
S_0000027ef584d7e0 .scope module, "decoder8" "decoder8" 2 17;
 .timescale 0 0;
    .port_info 0 /INPUT 3 "sel";
    .port_info 1 /INPUT 1 "en";
    .port_info 2 /OUTPUT 8 "out";
v0000027ef58e8560_0 .net "dOut", 1 0, L_0000027ef58f3a30;  1 drivers
o0000027ef5899048 .functor BUFZ 1, C4<z>; HiZ drive
v0000027ef58e8600_0 .net "en", 0 0, o0000027ef5899048;  0 drivers
v0000027ef58e87e0_0 .net "out", 7 0, L_0000027ef58f42f0;  1 drivers
o0000027ef5899d98 .functor BUFZ 3, C4<zzz>; HiZ drive
v0000027ef58e86a0_0 .net "sel", 2 0, o0000027ef5899d98;  0 drivers
L_0000027ef58f3490 .part o0000027ef5899d98, 2, 1;
L_0000027ef58f2c70 .part o0000027ef5899d98, 0, 2;
L_0000027ef58f3530 .part L_0000027ef58f3a30, 0, 1;
L_0000027ef58f38f0 .part o0000027ef5899d98, 0, 2;
L_0000027ef58f4610 .part L_0000027ef58f3a30, 1, 1;
L_0000027ef58f42f0 .concat8 [ 4 4 0 0], L_0000027ef58f41b0, L_0000027ef58f3350;
S_0000027ef584d970 .scope module, "d1" "decoder2" 2 20, 2 1 0, S_0000027ef584d7e0;
 .timescale 0 0;
    .port_info 0 /INPUT 1 "sel";
    .port_info 1 /INPUT 1 "en";
    .port_info 2 /OUTPUT 2 "out";
L_0000027ef588d4b0 .functor NOT 1, L_0000027ef58f3490, C4<0>, C4<0>, C4<0>;
L_0000027ef588ce90 .functor AND 1, o0000027ef5899048, L_0000027ef588d4b0, C4<1>, C4<1>;
L_0000027ef588cf00 .functor AND 1, L_0000027ef58f3490, o0000027ef5899048, C4<1>, C4<1>;
v0000027ef588c610_0 .net *"_ivl_2", 0 0, L_0000027ef588d4b0;  1 drivers
v0000027ef588c890_0 .net *"_ivl_4", 0 0, L_0000027ef588ce90;  1 drivers
v0000027ef588c2f0_0 .net *"_ivl_9", 0 0, L_0000027ef588cf00;  1 drivers
v0000027ef588bf30_0 .net "en", 0 0, o0000027ef5899048;  alias, 0 drivers
v0000027ef58e7200_0 .net "out", 1 0, L_0000027ef58f3a30;  alias, 1 drivers
v0000027ef58e7ac0_0 .net "sel", 0 0, L_0000027ef58f3490;  1 drivers
L_0000027ef58f3a30 .concat8 [ 1 1 0 0], L_0000027ef588ce90, L_0000027ef588cf00;
S_0000027ef5895720 .scope module, "d2" "decoder4" 2 22, 2 8 0, S_0000027ef584d7e0;
 .timescale 0 0;
    .port_info 0 /INPUT 2 "sel";
    .port_info 1 /INPUT 1 "en";
    .port_info 2 /OUTPUT 4 "out";
v0000027ef58e7c00_0 .net "dOut", 1 0, L_0000027ef58f3df0;  1 drivers
v0000027ef58e7ca0_0 .net "en", 0 0, L_0000027ef58f3530;  1 drivers
v0000027ef58e7fc0_0 .net "out", 3 0, L_0000027ef58f41b0;  1 drivers
v0000027ef58e8240_0 .net "sel", 1 0, L_0000027ef58f2c70;  1 drivers
L_0000027ef58f2bd0 .part L_0000027ef58f2c70, 1, 1;
L_0000027ef58f46b0 .part L_0000027ef58f2c70, 0, 1;
L_0000027ef58f47f0 .part L_0000027ef58f3df0, 0, 1;
L_0000027ef58f3e90 .part L_0000027ef58f2c70, 0, 1;
L_0000027ef58f3f30 .part L_0000027ef58f3df0, 1, 1;
L_0000027ef58f41b0 .concat8 [ 2 2 0 0], L_0000027ef58f2d10, L_0000027ef58f3fd0;
S_0000027ef58958b0 .scope module, "d1" "decoder2" 2 11, 2 1 0, S_0000027ef5895720;
 .timescale 0 0;
    .port_info 0 /INPUT 1 "sel";
    .port_info 1 /INPUT 1 "en";
    .port_info 2 /OUTPUT 2 "out";
L_0000027ef58f5550 .functor NOT 1, L_0000027ef58f2bd0, C4<0>, C4<0>, C4<0>;
L_0000027ef58f4c90 .functor AND 1, L_0000027ef58f3530, L_0000027ef58f5550, C4<1>, C4<1>;
L_0000027ef58f5a20 .functor AND 1, L_0000027ef58f2bd0, L_0000027ef58f3530, C4<1>, C4<1>;
v0000027ef58e82e0_0 .net *"_ivl_2", 0 0, L_0000027ef58f5550;  1 drivers
v0000027ef58e8880_0 .net *"_ivl_4", 0 0, L_0000027ef58f4c90;  1 drivers
v0000027ef58e8ba0_0 .net *"_ivl_9", 0 0, L_0000027ef58f5a20;  1 drivers
v0000027ef58e8740_0 .net "en", 0 0, L_0000027ef58f3530;  alias, 1 drivers
v0000027ef58e70c0_0 .net "out", 1 0, L_0000027ef58f3df0;  alias, 1 drivers
v0000027ef58e73e0_0 .net "sel", 0 0, L_0000027ef58f2bd0;  1 drivers
L_0000027ef58f3df0 .concat8 [ 1 1 0 0], L_0000027ef58f4c90, L_0000027ef58f5a20;
S_0000027ef5862770 .scope module, "d2" "decoder2" 2 13, 2 1 0, S_0000027ef5895720;
 .timescale 0 0;
    .port_info 0 /INPUT 1 "sel";
    .port_info 1 /INPUT 1 "en";
    .port_info 2 /OUTPUT 2 "out";
L_0000027ef58f50f0 .functor NOT 1, L_0000027ef58f46b0, C4<0>, C4<0>, C4<0>;
L_0000027ef58f4b40 .functor AND 1, L_0000027ef58f47f0, L_0000027ef58f50f0, C4<1>, C4<1>;
L_0000027ef58f4e50 .functor AND 1, L_0000027ef58f46b0, L_0000027ef58f47f0, C4<1>, C4<1>;
v0000027ef58e89c0_0 .net *"_ivl_2", 0 0, L_0000027ef58f50f0;  1 drivers
v0000027ef58e75c0_0 .net *"_ivl_4", 0 0, L_0000027ef58f4b40;  1 drivers
v0000027ef58e7b60_0 .net *"_ivl_9", 0 0, L_0000027ef58f4e50;  1 drivers
v0000027ef58e8e20_0 .net "en", 0 0, L_0000027ef58f47f0;  1 drivers
v0000027ef58e7a20_0 .net "out", 1 0, L_0000027ef58f2d10;  1 drivers
v0000027ef58e8c40_0 .net "sel", 0 0, L_0000027ef58f46b0;  1 drivers
L_0000027ef58f2d10 .concat8 [ 1 1 0 0], L_0000027ef58f4b40, L_0000027ef58f4e50;
S_0000027ef5862900 .scope module, "d3" "decoder2" 2 14, 2 1 0, S_0000027ef5895720;
 .timescale 0 0;
    .port_info 0 /INPUT 1 "sel";
    .port_info 1 /INPUT 1 "en";
    .port_info 2 /OUTPUT 2 "out";
L_0000027ef58f4bb0 .functor NOT 1, L_0000027ef58f3e90, C4<0>, C4<0>, C4<0>;
L_0000027ef58f4ec0 .functor AND 1, L_0000027ef58f3f30, L_0000027ef58f4bb0, C4<1>, C4<1>;
L_0000027ef58f4de0 .functor AND 1, L_0000027ef58f3e90, L_0000027ef58f3f30, C4<1>, C4<1>;
v0000027ef58e8920_0 .net *"_ivl_2", 0 0, L_0000027ef58f4bb0;  1 drivers
v0000027ef58e7660_0 .net *"_ivl_4", 0 0, L_0000027ef58f4ec0;  1 drivers
v0000027ef58e7160_0 .net *"_ivl_9", 0 0, L_0000027ef58f4de0;  1 drivers
v0000027ef58e8ec0_0 .net "en", 0 0, L_0000027ef58f3f30;  1 drivers
v0000027ef58e7de0_0 .net "out", 1 0, L_0000027ef58f3fd0;  1 drivers
v0000027ef58e7480_0 .net "sel", 0 0, L_0000027ef58f3e90;  1 drivers
L_0000027ef58f3fd0 .concat8 [ 1 1 0 0], L_0000027ef58f4ec0, L_0000027ef58f4de0;
S_0000027ef58f24a0 .scope module, "d3" "decoder4" 2 23, 2 8 0, S_0000027ef584d7e0;
 .timescale 0 0;
    .port_info 0 /INPUT 2 "sel";
    .port_info 1 /INPUT 1 "en";
    .port_info 2 /OUTPUT 4 "out";
v0000027ef58e8100_0 .net "dOut", 1 0, L_0000027ef58f3990;  1 drivers
v0000027ef58e7980_0 .net "en", 0 0, L_0000027ef58f4610;  1 drivers
v0000027ef58e84c0_0 .net "out", 3 0, L_0000027ef58f3350;  1 drivers
v0000027ef58e7840_0 .net "sel", 1 0, L_0000027ef58f38f0;  1 drivers
L_0000027ef58f2f90 .part L_0000027ef58f38f0, 1, 1;
L_0000027ef58f3850 .part L_0000027ef58f38f0, 0, 1;
L_0000027ef58f49d0 .part L_0000027ef58f3990, 0, 1;
L_0000027ef58f3ad0 .part L_0000027ef58f38f0, 0, 1;
L_0000027ef58f3170 .part L_0000027ef58f3990, 1, 1;
L_0000027ef58f3350 .concat8 [ 2 2 0 0], L_0000027ef58f2db0, L_0000027ef58f3030;
S_0000027ef58f2630 .scope module, "d1" "decoder2" 2 11, 2 1 0, S_0000027ef58f24a0;
 .timescale 0 0;
    .port_info 0 /INPUT 1 "sel";
    .port_info 1 /INPUT 1 "en";
    .port_info 2 /OUTPUT 2 "out";
L_0000027ef58f52b0 .functor NOT 1, L_0000027ef58f2f90, C4<0>, C4<0>, C4<0>;
L_0000027ef58f4d70 .functor AND 1, L_0000027ef58f4610, L_0000027ef58f52b0, C4<1>, C4<1>;
L_0000027ef58f5160 .functor AND 1, L_0000027ef58f2f90, L_0000027ef58f4610, C4<1>, C4<1>;
v0000027ef58e8d80_0 .net *"_ivl_2", 0 0, L_0000027ef58f52b0;  1 drivers
v0000027ef58e8a60_0 .net *"_ivl_4", 0 0, L_0000027ef58f4d70;  1 drivers
v0000027ef58e8b00_0 .net *"_ivl_9", 0 0, L_0000027ef58f5160;  1 drivers
v0000027ef58e72a0_0 .net "en", 0 0, L_0000027ef58f4610;  alias, 1 drivers
v0000027ef58e81a0_0 .net "out", 1 0, L_0000027ef58f3990;  alias, 1 drivers
v0000027ef58e8ce0_0 .net "sel", 0 0, L_0000027ef58f2f90;  1 drivers
L_0000027ef58f3990 .concat8 [ 1 1 0 0], L_0000027ef58f4d70, L_0000027ef58f5160;
S_0000027ef58f27c0 .scope module, "d2" "decoder2" 2 13, 2 1 0, S_0000027ef58f24a0;
 .timescale 0 0;
    .port_info 0 /INPUT 1 "sel";
    .port_info 1 /INPUT 1 "en";
    .port_info 2 /OUTPUT 2 "out";
L_0000027ef58f4f30 .functor NOT 1, L_0000027ef58f3850, C4<0>, C4<0>, C4<0>;
L_0000027ef58f5470 .functor AND 1, L_0000027ef58f49d0, L_0000027ef58f4f30, C4<1>, C4<1>;
L_0000027ef58f58d0 .functor AND 1, L_0000027ef58f3850, L_0000027ef58f49d0, C4<1>, C4<1>;
v0000027ef58e77a0_0 .net *"_ivl_2", 0 0, L_0000027ef58f4f30;  1 drivers
v0000027ef58e7d40_0 .net *"_ivl_4", 0 0, L_0000027ef58f5470;  1 drivers
v0000027ef58e7520_0 .net *"_ivl_9", 0 0, L_0000027ef58f58d0;  1 drivers
v0000027ef58e7e80_0 .net "en", 0 0, L_0000027ef58f49d0;  1 drivers
v0000027ef58e7700_0 .net "out", 1 0, L_0000027ef58f2db0;  1 drivers
v0000027ef58e8420_0 .net "sel", 0 0, L_0000027ef58f3850;  1 drivers
L_0000027ef58f2db0 .concat8 [ 1 1 0 0], L_0000027ef58f5470, L_0000027ef58f58d0;
S_0000027ef58f2950 .scope module, "d3" "decoder2" 2 14, 2 1 0, S_0000027ef58f24a0;
 .timescale 0 0;
    .port_info 0 /INPUT 1 "sel";
    .port_info 1 /INPUT 1 "en";
    .port_info 2 /OUTPUT 2 "out";
L_0000027ef58f5320 .functor NOT 1, L_0000027ef58f3ad0, C4<0>, C4<0>, C4<0>;
L_0000027ef58f5710 .functor AND 1, L_0000027ef58f3170, L_0000027ef58f5320, C4<1>, C4<1>;
L_0000027ef58f4fa0 .functor AND 1, L_0000027ef58f3ad0, L_0000027ef58f3170, C4<1>, C4<1>;
v0000027ef58e8f60_0 .net *"_ivl_2", 0 0, L_0000027ef58f5320;  1 drivers
v0000027ef58e7340_0 .net *"_ivl_4", 0 0, L_0000027ef58f5710;  1 drivers
v0000027ef58e8380_0 .net *"_ivl_9", 0 0, L_0000027ef58f4fa0;  1 drivers
v0000027ef58e7f20_0 .net "en", 0 0, L_0000027ef58f3170;  1 drivers
v0000027ef58e78e0_0 .net "out", 1 0, L_0000027ef58f3030;  1 drivers
v0000027ef58e8060_0 .net "sel", 0 0, L_0000027ef58f3ad0;  1 drivers
L_0000027ef58f3030 .concat8 [ 1 1 0 0], L_0000027ef58f5710, L_0000027ef58f4fa0;
# The file index is used to find the file name in the following table.
:file_names 3;
    "N/A";
    "<interactive>";
    "decoder.v";
